<?xml version="1.0" encoding="utf-8"?><testsuites><testsuite name="pytest" errors="0" failures="0" skipped="0" tests="3614" time="83.549" timestamp="2026-04-21T00:21:23.151198+00:00" hostname="e1823689ddfd"><testcase classname="tests.test_boiler_module" name="test_boiler_planner_create_plan_and_overflow_windows" time="0.291" /><testcase classname="tests.test_battery_efficiency_sensor" name="test_load_last_month_metrics_skips_when_inflight" time="0.280" /><testcase classname="tests.test_battery_efficiency_sensor" name="test_reset_last_month_metrics_noop_for_same_key" time="0.005" /><testcase classname="tests.test_battery_efficiency_sensor" name="test_get_sensor_handles_missing" time="0.002" /><testcase classname="tests.test_battery_efficiency_sensor" name="test_get_sensor_invalid_state" time="0.003" /><testcase classname="tests.test_config_steps_pricing" name="test_map_pricing_to_backend_weekend_custom" time="0.286" /><testcase classname="tests.test_cloud_contract" name="test_sink_payload_drops_unknown_keys_but_rejects_forbidden_content" time="0.308" /><testcase classname="tests.test_api_chmu_more" name="test_parse_circle_invalid_value" time="0.304" /><testcase classname="tests.test_battery_efficiency_sensor" name="test_load_month_metrics_import_error" time="0.005" /><testcase classname="tests.test_config_steps_pricing" name="test_map_backend_to_frontend" time="0.002" /><testcase classname="tests.test_config_steps_pricing" name="test_map_pricing_to_backend_import_scenarios[spot_percentage-expected0]" time="0.003" /><testcase classname="tests.test_config_steps_pricing" name="test_map_pricing_to_backend_import_scenarios[spot_fixed-expected1]" time="0.005" /><testcase classname="tests.test_config_steps_pricing" name="test_map_pricing_to_backend_import_scenarios[fix_price-expected2]" time="0.003" /><testcase classname="tests.test_battery_efficiency_sensor" name="test_load_month_metrics_success" time="0.006" /><testcase classname="tests.test_config_steps_pricing" name="test_map_pricing_to_backend_export_scenarios[spot_percentage-expected0]" time="0.004" /><testcase classname="tests.test_cloud_contract" name="test_shield_service_names_are_bounded_and_reject_entity_ids" time="0.011" /><testcase classname="tests.test_boiler_module" name="test_boiler_coordinator_helpers" time="0.024" /><testcase classname="tests.test_battery_efficiency_sensor" name="test_load_month_metrics_invalid_data" time="0.005" /><testcase classname="tests.test_battery_efficiency_sensor" name="test_compute_metrics_invalid_values" time="0.003" /><testcase classname="tests.test_config_steps_pricing" name="test_map_pricing_to_backend_export_scenarios[spot_fixed-expected1]" time="0.003" /><testcase classname="tests.test_config_steps_pricing" name="test_map_pricing_to_backend_export_scenarios[fix_price-expected2]" time="0.004" /><testcase classname="tests.test_cloud_contract" name="test_failure_and_error_summaries_are_template_generated_not_pass_through" time="0.009" /><testcase classname="tests.test_battery_efficiency_sensor" name="test_stat_value_with_object_and_getattr" time="0.004" /><testcase classname="tests.test_config_steps_pricing" name="test_map_pricing_to_backend_single_tariff_defaults" time="0.003" /><testcase classname="tests.test_battery_efficiency_sensor" name="test_reset_last_month_metrics_clears_on_different_key" time="0.004" /><testcase classname="tests.test_config_steps_pricing" name="test_pricing_import_scenario_switch" time="0.008" /><testcase classname="tests.test_battery_efficiency_sensor" name="test_rollover_month_clears_matching_snapshot" time="0.004" /><testcase classname="tests.test_boiler_module" name="test_boiler_coordinator_spot_prices_and_overflow" time="0.032" /><testcase classname="tests.test_cloud_contract" name="test_device_id_and_id_ownership_rules_are_explicit" time="0.013" /><testcase classname="tests.test_config_steps_pricing" name="test_pricing_import_invalid_fee" time="0.005" /><testcase classname="tests.test_battery_efficiency_sensor" name="test_previous_month_and_range" time="0.004" /><testcase classname="tests.test_battery_efficiency_sensor" name="test_fallback_to_statistics_fills_missing_values" time="0.005" /><testcase classname="tests.test_config_steps_pricing" name="test_pricing_import_invalid_negative_fee" time="0.005" /><testcase classname="tests.e2e.test_auto_mode_switch_e2e" name="test_auto_mode_switching" time="0.368" /><testcase classname="tests.test_cloud_contract" name="test_details_json_is_string_only_and_bounded_to_two_kib" time="0.011" /><testcase classname="tests.test_config_steps_pricing" name="test_pricing_import_invalid_fixed_price" time="0.005" /><testcase classname="tests.test_battery_efficiency_sensor" name="test_fallback_to_statistics_fills_missing_battery_bounds" time="0.006" /><testcase classname="tests.test_boiler_module" name="test_boiler_sensor_values_full" time="0.019" /><testcase classname="tests.test_battery_efficiency_sensor" name="test_fallback_to_statistics_keeps_complete_values_without_lookup" time="0.005" /><testcase classname="tests.test_config_steps_pricing" name="test_pricing_import_back_button" time="0.008" /><testcase classname="tests.test_battery_efficiency_sensor" name="test_load_month_metrics_history_wrapper_compat_kwargs" time="0.004" /><testcase classname="tests.test_config_steps_pricing" name="test_pricing_import_initial_form" time="0.005" /><testcase classname="tests.test_boiler_module" name="test_boiler_sensors_and_api_views" time="0.009" /><testcase classname="tests.test_battery_efficiency_sensor" name="test_load_month_metrics_from_statistics_import_error" time="0.005" /><testcase classname="tests.test_config_steps_pricing" name="test_pricing_export_invalid_price" time="0.004" /><testcase classname="tests.test_config_steps_pricing" name="test_pricing_export_invalid_percent" time="0.004" /><testcase classname="tests.test_battery_efficiency_sensor" name="test_load_month_metrics_from_statistics_query_success" time="0.006" /><testcase classname="tests.test_config_steps_pricing" name="test_pricing_export_invalid_fixed_fee" time="0.006" /><testcase classname="tests.test_battery_efficiency_sensor" name="test_load_month_metrics_from_statistics_missing_meta_for_battery" time="0.007" /><testcase classname="tests.test_config_steps_pricing" name="test_pricing_export_scenario_change" time="0.006" /><testcase classname="tests.test_battery_efficiency_sensor" name="test_load_month_metrics_from_statistics_no_recorder_instance" time="0.007" /><testcase classname="tests.test_config_steps_pricing" name="test_pricing_export_back_button" time="0.007" /><testcase classname="tests.test_config_steps_pricing" name="test_pricing_export_initial_form" time="0.006" /><testcase classname="tests.test_auto_switch_precedence" name="test_reason_code_is_propagated_to_switch" time="0.135" /><testcase classname="tests.test_auto_switch_precedence" name="test_reason_code_propagated_from_scheduled_switch" time="0.007" /><testcase classname="tests.test_config_steps_pricing" name="test_pricing_export_schema_for_scenarios" time="0.005" /><testcase classname="tests.test_config_steps_pricing" name="test_pricing_import_schema_defaults_from_wizard_data" time="0.004" /><testcase classname="tests.test_auto_switch_precedence" name="test_default_context_created_when_not_provided" time="0.006" /><testcase classname="tests.test_config_steps_pricing" name="test_pricing_export_schema_defaults_from_wizard_data" time="0.004" /><testcase classname="tests.test_config_steps_pricing" name="test_pricing_export_success" time="0.005" /><testcase classname="tests.test_auto_switch_precedence" name="test_no_race_between_guard_and_watchdog" time="0.007" /><testcase classname="tests.test_config_steps_pricing" name="test_pricing_import_success" time="0.005" /><testcase classname="tests.test_auto_switch_precedence" name="test_min_interval_prevents_rapid_mode_changes" time="0.007" /><testcase classname="tests.test_auto_switch_precedence" name="test_switch_context_locked_flag" time="0.006" /><testcase classname="tests.test_auto_switch_precedence" name="test_precedence_level_ordering" time="0.004" /><testcase classname="tests.test_auto_switch_precedence" name="test_switch_context_to_log_string" time="0.004" /><testcase classname="tests.test_cloud_redaction" name="test_details_json_accepts_nested_numeric_payloads_and_keeps_numbers" time="0.151" /><testcase classname="tests.test_auto_switch_precedence" name="test_mode_guard_includes_precedence_in_overrides" time="0.009" /><testcase classname="tests.test_cloud_redaction" name="test_details_json_redacts_tokens_and_bounds_free_form_strings" time="0.012" /><testcase classname="tests.test_boiler_precedence" name="test_boiler_avoids_early_grid_when_battery_or_pv_available" time="0.139" /><testcase classname="tests.test_boiler_precedence" name="test_boiler_fallback_to_grid_when_required" time="0.006" /><testcase classname="tests.test_cloud_redaction" name="test_details_json_strips_entity_names_labels_and_ids" time="0.012" /><testcase classname="tests.test_cloud_redaction" name="test_details_json_rejects_home_assistant_state_like_payloads" time="0.012" /><testcase classname="tests.test_battery_forecast_config_more" name="test_simulator_config_properties" time="0.135" /><testcase classname="tests.test_battery_forecast_config_more" name="test_hybrid_config_emergency_reserve" time="0.008" /><testcase classname="tests.e2e.test_config_flow_modules_e2e" name="test_config_flow_modules_enable_disable" time="1.421" /><testcase classname="tests.test_cloud_redaction" name="test_details_json_rejects_malformed_nested_payloads" time="0.012" /><testcase classname="tests.test_battery_forecast_config_more" name="test_balancing_config_deadline_datetime" time="0.004" /><testcase classname="tests.test_cloud_redaction" name="test_details_json_rejects_oversized_nested_payloads" time="0.013" /><testcase classname="tests.test_config_steps_wizard_extra" name="test_wizard_credentials_missing_fields" time="0.147" /><testcase classname="tests.test_config_steps_wizard_extra" name="test_wizard_credentials_go_back" time="0.006" /><testcase classname="tests.test_config_steps_wizard_extra" name="test_wizard_credentials_validate_errors" time="0.006" /><testcase classname="tests.test_config_steps_wizard_extra" name="test_wizard_credentials_success" time="0.007" /><testcase classname="tests.test_config_steps_wizard_extra" name="test_wizard_modules_requires_solar_and_extended" time="0.006" /><testcase classname="tests.test_balancing_core_additional" name="test_async_setup_and_load_errors" time="0.149" /><testcase classname="tests.test_config_steps_wizard_extra" name="test_wizard_modules_dashboard_requires_modules" time="0.007" /><testcase classname="tests.test_boiler_sensors_more" name="test_boiler_sensor_base_metadata" time="0.137" /><testcase classname="tests.test_balancing_core_additional" name="test_get_cooldown_hours_invalid_config" time="0.004" /><testcase classname="tests.test_boiler_sensors_more" name="test_current_source_sensor_mapping" time="0.003" /><testcase classname="tests.test_balancing_core_additional" name="test_get_price_threshold_for_opportunistic" time="0.005" /><testcase classname="tests.test_boiler_sensors_more" name="test_recommended_source_sensor_mapping" time="0.004" /><testcase classname="tests.test_config_steps_wizard_extra" name="test_wizard_modules_success_moves_forward" time="0.007" /><testcase classname="tests.test_boiler_sensors_more" name="test_charging_recommended_sensor_attributes" time="0.004" /><testcase classname="tests.test_config_steps_wizard_extra" name="test_wizard_modules_all_enabled_moves_forward" time="0.006" /><testcase classname="tests.test_balancing_core_additional" name="test_set_coordinator" time="0.004" /><testcase classname="tests.test_balancing_core_additional" name="test_async_setup_success" time="0.006" /><testcase classname="tests.test_boiler_sensors_more" name="test_plan_estimated_cost_sensor" time="0.005" /><testcase classname="tests.test_config_steps_wizard_extra" name="test_wizard_solar_toggle_expands_form" time="0.006" /><testcase classname="tests.test_balancing_core_additional" name="test_save_state_coordinator_error" time="0.006" /><testcase classname="tests.test_boiler_sensors_more" name="test_circulation_recommended_sensor" time="0.003" /><testcase classname="tests.test_boiler_sensors_more" name="test_profile_confidence_sensor" time="0.004" /><testcase classname="tests.test_config_steps_wizard_extra" name="test_wizard_solar_validation_errors" time="0.005" /><testcase classname="tests.test_battery_forecast_ha_sensor_more" name="test_async_added_and_removed" time="0.155" /><testcase classname="tests.test_balancing_core_additional" name="test_save_state_coordinator_success" time="0.008" /><testcase classname="tests.test_config_steps_wizard_extra" name="test_wizard_solar_success" time="0.005" /><testcase classname="tests.test_boiler_sensors_more" name="test_get_boiler_sensors" time="0.004" /><testcase classname="tests.test_config_steps_wizard_extra" name="test_wizard_battery_validation_errors" time="0.008" /><testcase classname="tests.test_balancing_core_additional" name="test_load_state_with_data" time="0.006" /><testcase classname="tests.test_boiler_sensors_more" name="test_boiler_sensor_unknown_box_id_no_entity_id" time="0.004" /><testcase classname="tests.test_config_flow_entry" name="test_step_user_form" time="0.134" /><testcase classname="tests.test_boiler_sensors_more" name="test_boiler_sensor_unknown_box_id_device_info_no_via_device" time="0.004" /><testcase classname="tests.test_balancing_core_additional" name="test_get_cheap_window_percentile_exception" time="0.004" /><testcase classname="tests.test_battery_forecast_ha_sensor_more" name="test_create_mode_recommendations" time="0.004" /><testcase classname="tests.test_config_steps_wizard_extra" name="test_wizard_battery_max_price_too_high" time="0.009" /><testcase classname="tests.test_config_flow_entry" name="test_step_reauth_confirm_shows_form_with_existing_username" time="0.006" /><testcase classname="tests.test_battery_forecast_ha_sensor_more" name="test_update_balancing_plan_snapshot" time="0.007" /><testcase classname="tests.test_balancing_core_additional" name="test_load_state_safe_error" time="0.005" /><testcase classname="tests.test_config_steps_wizard_extra" name="test_wizard_battery_success" time="0.004" /><testcase classname="tests.test_config_flow_entry" name="test_step_reauth_confirm_updates_entry_and_reloads" time="0.006" /><testcase classname="tests.test_battery_forecast_ha_sensor_more" name="test_group_intervals_by_mode" time="0.003" /><testcase classname="tests.test_balancing_core_additional" name="test_check_balancing_no_forecast_sensor" time="0.006" /><testcase classname="tests.test_config_steps_wizard_extra" name="test_wizard_pricing_import_scenario_change" time="0.005" /><testcase classname="tests.test_config_flow_entry" name="test_step_user_quick_setup" time="0.007" /><testcase classname="tests.test_config_steps_wizard_extra" name="test_wizard_pricing_import_validation_error" time="0.006" /><testcase classname="tests.test_balancing_core_additional" name="test_check_balancing_detects_completion" time="0.006" /><testcase classname="tests.test_config_flow_entry" name="test_step_user_wizard" time="0.006" /><testcase classname="tests.test_battery_forecast_ha_sensor_more" name="test_build_strategy_balancing_plan_branches" time="0.004" /><testcase classname="tests.test_battery_forecast_ha_sensor_more" name="test_build_strategy_balancing_plan_legacy" time="0.004" /><testcase classname="tests.test_balancing_core_additional" name="test_check_balancing_active_plan_paths" time="0.011" /><testcase classname="tests.test_config_steps_wizard_extra" name="test_wizard_pricing_distribution_validation" time="0.010" /><testcase classname="tests.test_config_flow_entry" name="test_quick_setup_requires_live_data" time="0.006" /><testcase classname="tests.test_config_flow_entry" name="test_quick_setup_success" time="0.007" /><testcase classname="tests.test_balancing_core_additional" name="test_check_balancing_active_plan_future_deadline" time="0.007" /><testcase classname="tests.test_balancing_core_additional" name="test_check_balancing_cycle_forced" time="0.007" /><testcase classname="tests.test_config_flow_entry" name="test_import_yaml_not_implemented" time="0.005" /><testcase classname="tests.test_config_flow_entry" name="test_wizard_summary_creates_entry" time="0.006" /><testcase classname="tests.test_balancing_core_additional" name="test_check_balancing_force_and_natural" time="0.009" /><testcase classname="tests.test_config_flow_entry" name="test_wizard_summary_sanitizes_data_source_mode" time="0.006" /><testcase classname="tests.test_balancing_core_additional" name="test_check_balancing_opportunistic" time="0.009" /><testcase classname="tests.test_config_flow_entry" name="test_wizard_summary_full_option_mapping" time="0.006" /><testcase classname="tests.test_balancing_core_additional" name="test_force_plan_failure" time="0.007" /><testcase classname="tests.test_config_flow_entry" name="test_wizard_summary_defaults_for_optional_sections" time="0.006" /><testcase classname="tests.test_balancing_core_additional" name="test_get_days_and_hours_since_last" time="0.004" /><testcase classname="tests.test_config_flow_entry" name="test_wizard_summary_defaults_for_solar_and_battery" time="0.006" /><testcase classname="tests.test_balancing_core_additional" name="test_check_if_balancing_occurred_stats_paths" time="0.006" /><testcase classname="tests.test_boiler_services" name="test_build_heating_windows_merges_and_routes" time="0.115" /><testcase classname="tests.test_config_flow_entry" name="test_wizard_summary_auto_and_balancing_values" time="0.005" /><testcase classname="tests.test_balancing_core_additional" name="test_check_if_balancing_occurred_varied_starts" time="0.006" /><testcase classname="tests.test_boiler_services" name="test_schedule_switch_window_paths" time="0.005" /><testcase classname="tests.test_config_flow_entry" name="test_wizard_summary_solar_string2_disabled_values" time="0.005" /><testcase classname="tests.test_boiler_services" name="test_apply_and_cancel_boiler_plan" time="0.005" /><testcase classname="tests.test_balancing_core_additional" name="test_check_if_balancing_occurred_recent_and_invalid_type" time="0.005" /><testcase classname="tests.test_config_flow_entry" name="test_wizard_summary_defaults_for_boiler_fields" time="0.006" /><testcase classname="tests.test_boiler_services" name="test_create_boiler_plan_skips_and_creates" time="0.005" /><testcase classname="tests.test_balancing_core_additional" name="test_check_if_balancing_occurred_runtime_error" time="0.006" /><testcase classname="tests.test_config_flow_entry" name="test_wizard_summary_back_button" time="0.006" /><testcase classname="tests.test_balancing_core_additional" name="test_check_if_balancing_occurred_runtime_error_other" time="0.006" /><testcase classname="tests.test_battery_forecast_ha_sensor_more2" name="test_build_strategy_balancing_plan_skips_invalid_intervals" time="0.117" /><testcase classname="tests.test_config_flow_entry" name="test_wizard_summary_form" time="0.006" /><testcase classname="tests.test_boiler_services" name="test_restore_boiler_schedule" time="0.005" /><testcase classname="tests.test_battery_forecast_ha_sensor_more2" name="test_handle_coordinator_update_and_device_info" time="0.004" /><testcase classname="tests.test_balancing_core_additional" name="test_check_if_balancing_occurred_exception" time="0.008" /><testcase classname="tests.test_battery_forecast_ha_sensor_more2" name="test_proxy_methods_sync" time="0.004" /><testcase classname="tests.test_boiler_services" name="test_helpers_and_validation" time="0.003" /><testcase classname="tests.test_boiler_services" name="test_apply_boiler_plan_missing_configs" time="0.005" /><testcase classname="tests.test_config_flow_entry" name="test_async_get_options_flow_handler" time="0.006" /><testcase classname="tests.test_boiler_services" name="test_apply_boiler_plan_missing_wrapper_switches" time="0.004" /><testcase classname="tests.test_balancing_core_additional" name="test_check_if_balancing_occurred_no_stats" time="0.006" /><testcase classname="tests.test_boiler_services" name="test_create_boiler_plan_no_profile" time="0.005" /><testcase classname="tests.test_battery_forecast_ha_sensor_more2" name="test_proxy_methods_async" time="0.012" /><testcase classname="tests.test_balancing_core_additional" name="test_check_natural_balancing_paths" time="0.007" /><testcase classname="tests.test_boiler_services" name="test_ensure_schedule_windows" time="0.004" /><testcase classname="tests.test_battery_forecast_ha_sensor_more2" name="test_build_strategy_balancing_plan_attr_plan_and_missing_index" time="0.003" /><testcase classname="tests.test_config_validation" name="test_validate_input_invalid_auth" time="0.142" /><testcase classname="tests.test_balancing_core_additional" name="test_check_natural_balancing_resets_window" time="0.006" /><testcase classname="tests.test_boiler_services" name="test_setup_boiler_services_skips_if_registered" time="0.005" /><testcase classname="tests.test_battery_forecast_ha_sensor_more2" name="test_build_strategy_balancing_plan_exception" time="0.007" /><testcase classname="tests.test_balancing_core_additional" name="test_create_opportunistic_plan_paths" time="0.007" /><testcase classname="tests.test_boiler_services" name="test_apply_boiler_plan_logs_error_alt_missing" time="0.005" /><testcase classname="tests.test_config_validation" name="test_validate_input_maps_oig_auth_error_to_invalid_auth" time="0.007" /><testcase classname="tests.test_boiler_services" name="test_apply_boiler_plan_logs_error_pump_missing" time="0.006" /><testcase classname="tests.test_balancing_core_additional" name="test_create_opportunistic_plan_with_prices_immediate" time="0.008" /><testcase classname="tests.test_config_validation" name="test_validate_input_live_data_missing" time="0.007" /><testcase classname="tests.test_boiler_services" name="test_build_circulation_windows_empty_hourly_avg" time="0.003" /><testcase classname="tests.test_balancing_core_additional" name="test_create_opportunistic_plan_with_prices_delayed" time="0.009" /><testcase classname="tests.test_config_validation" name="test_validate_input_success" time="0.006" /><testcase classname="tests.test_boiler_services" name="test_pick_peak_hours_empty_dict" time="0.004" /><testcase classname="tests.test_boiler_services" name="test_merge_window_first" time="0.004" /><testcase classname="tests.test_config_validation" name="test_validate_solar_forecast_api_key_ok" time="0.007" /><testcase classname="tests.test_balancing_core_additional" name="test_create_opportunistic_plan_skips_past_and_expensive" time="0.010" /><testcase classname="tests.test_boiler_services" name="test_schedule_switch_window_none_entity" time="0.004" /><testcase classname="tests.test_config_validation" name="test_validate_solar_forecast_api_key_unauthorized" time="0.006" /><testcase classname="tests.test_boiler_services" name="test_restore_boiler_schedule_no_data" time="0.005" /><testcase classname="tests.test_balancing_core_additional" name="test_create_opportunistic_plan_threshold_skips_delayed" time="0.011" /><testcase classname="tests.test_config_validation" name="test_validate_solar_forecast_api_key_rate_limited" time="0.005" /><testcase classname="tests.test_boiler_services" name="test_restore_boiler_schedule_exception_handling" time="0.005" /><testcase classname="tests.test_config_validation" name="test_validate_solar_forecast_api_key_other_error" time="0.006" /><testcase classname="tests.test_balancing_core_additional" name="test_create_opportunistic_plan_uses_economic_threshold" time="0.013" /><testcase classname="tests.test_config_validation" name="test_validate_solar_forecast_api_key_empty" time="0.004" /><testcase classname="tests.test_config_validation" name="test_validate_solar_forecast_api_key_client_error" time="0.007" /><testcase classname="tests.test_balancing_core_additional" name="test_create_forced_plan" time="0.007" /><testcase classname="tests.test_config_validation" name="test_validate_solar_forecast_api_key_timeout" time="0.005" /><testcase classname="tests.test_balancing_core_additional" name="test_plan_helpers" time="0.005" /><testcase classname="tests.test_config_flow_module" name="test_config_flow_exports" time="0.131" /><testcase classname="tests.test_balancing_core_additional" name="test_cost_helpers" time="0.011" /><testcase classname="tests.test_balancing_core_additional" name="test_calculate_immediate_cost_missing_price" time="0.007" /><testcase classname="tests.test_battery_forecast_module" name="test_types_import" time="0.123" /><testcase classname="tests.test_balancing_core_additional" name="test_calculate_immediate_cost_missing_capacity" time="0.006" /><testcase classname="tests.test_battery_forecast_module" name="test_simulator_basic" time="0.005" /><testcase classname="tests.test_balancing_core_additional" name="test_calculate_total_cost_missing_capacity" time="0.007" /><testcase classname="tests.test_battery_forecast_module" name="test_simulator_timeline" time="0.004" /><testcase classname="tests.test_battery_forecast_module" name="test_mode_selector" time="0.009" /><testcase classname="tests.test_balancing_core_additional" name="test_calculate_total_cost_timeline_branches" time="0.007" /><testcase classname="tests.test_battery_forecast_module" name="test_hybrid_optimizer_basic" time="0.011" /><testcase classname="tests.test_balancing_core_additional" name="test_cost_helpers_no_prices" time="0.006" /><testcase classname="tests.test_balancing_core_additional" name="test_find_cheap_holding_window_no_prices" time="0.006" /><testcase classname="tests.test_battery_forecast_module" name="test_balancing_executor" time="0.005" /><testcase classname="tests.test_battery_forecast_module" name="test_timeline_builder" time="0.005" /><testcase classname="tests.test_balancing_core_additional" name="test_find_cheap_holding_window_insufficient_intervals" time="0.006" /><testcase classname="tests.test_boiler_services_extra_coverage" name="test_setup_boiler_services_registers_handlers_and_invalid_deadline" time="0.127" /><testcase classname="tests.test_battery_forecast_module" name="test_strategy_to_timeline" time="0.008" /><testcase classname="tests.test_balancing_core_additional" name="test_find_cheap_holding_window" time="0.007" /><testcase classname="tests.test_boiler_services_extra_coverage" name="test_setup_boiler_services_plan_handler_calls_create" time="0.005" /><testcase classname="tests.test_balancing_core_additional" name="test_get_hybrid_timeline_no_sensor" time="0.006" /><testcase classname="tests.test_boiler_services_extra_coverage" name="test_apply_boiler_plan_no_plan_logs_warning" time="0.004" /><testcase classname="tests.test_balancing_core_additional" name="test_get_current_soc_percent_invalid" time="0.006" /><testcase classname="tests.test_boiler_services_extra_coverage" name="test_clear_persisted_schedule_entry_exists" time="0.005" /><testcase classname="tests.test_boiler_services_extra_coverage" name="test_restore_schedule_skips_invalid_and_expired" time="0.005" /><testcase classname="tests.test_coordinator" name="test_coordinator_init_pricing_enables_ote" time="0.128" /><testcase classname="tests.test_balancing_core_additional" name="test_get_battery_capacity_conversions" time="0.005" /><testcase classname="tests.test_boiler_services_extra_coverage" name="test_build_circulation_windows_no_peak_hours" time="0.003" /><testcase classname="tests.test_balancing_core_additional" name="test_get_battery_capacity_invalid" time="0.004" /><testcase classname="tests.test_boiler_services_extra_coverage" name="test_merge_window_appends_non_overlapping" time="0.004" /><testcase classname="tests.test_balancing_core_additional" name="test_get_spot_prices_no_forecast_sensor" time="0.006" /><testcase classname="tests.test_config_flow_quick_setup" name="test_async_step_user_routes" time="0.133" /><testcase classname="tests.test_boiler_services_extra_coverage" name="test_async_switch_on_calls_service" time="0.005" /><testcase classname="tests.test_balancing_core_additional" name="test_sensor_state_and_attributes" time="0.004" /><testcase classname="tests.test_config_flow_quick_setup" name="test_quick_setup_live_data_required" time="0.005" /><testcase classname="tests.test_boiler_services_extra_coverage" name="test_schedule_switch_window_executes_inner_callbacks" time="0.008" /><testcase classname="tests.test_coordinator" name="test_maybe_refresh_notifications_standalone_skips_recent" time="0.033" /><testcase classname="tests.test_balancing_core_additional" name="test_get_active_plan_and_sensor_states" time="0.005" /><testcase classname="tests.test_config_flow_quick_setup" name="test_quick_setup_validate_input_error" time="0.006" /><testcase classname="tests.test_config_flow_quick_setup" name="test_quick_setup_success" time="0.006" /><testcase classname="tests.test_coordinator" name="test_coordinator_init_chmu_enabled" time="0.007" /><testcase classname="tests.test_coordinator" name="test_coordinator_initialization" time="0.030" /><testcase classname="tests.test_battery_forecast_remaining_coverage" name="test_baseline_plan_no_store" time="0.120" /><testcase classname="tests.test_battery_forecast_remaining_coverage" name="test_baseline_plan_daily_plan_state_fallback" time="0.007" /><testcase classname="tests.test_coordinator" name="test_async_update_data_success" time="0.034" /><testcase classname="tests.test_battery_forecast_remaining_coverage" name="test_baseline_plan_no_fallback_returns_false" time="0.006" /><testcase classname="tests.test_battery_forecast_remaining_coverage" name="test_baseline_plan_history_fill" time="0.019" /><testcase classname="tests.test_battery_forecast_remaining_coverage" name="test_ensure_plan_exists_windows" time="0.005" /><testcase classname="tests.test_coordinator" name="test_async_update_data_empty_response" time="0.027" /><testcase classname="tests.test_battery_forecast_remaining_coverage" name="test_ensure_plan_exists_non_today" time="0.010" /><testcase classname="tests.test_battery_forecast_remaining_coverage" name="test_hybrid_planning_price_band_gap_fill" time="0.003" /><testcase classname="tests.test_battery_forecast_remaining_coverage" name="test_hybrid_planning_simulate_trajectory" time="0.004" /><testcase classname="tests.test_boiler_switch_edge_cases" name="test_switch_setup_logs_debug_when_disabled" time="0.136" /><testcase classname="tests.test_battery_forecast_remaining_coverage" name="test_hybrid_planning_target_fill_adds_cheapest" time="0.007" /><testcase classname="tests.test_balancing_core_extra" name="test_config_helpers_default_and_overrides" time="0.134" /><testcase classname="tests.test_boiler_switch_edge_cases" name="test_switch_setup_logs_info_no_switches" time="0.004" /><testcase classname="tests.test_coordinator" name="test_async_update_data_api_error" time="0.038" /><testcase classname="tests.test_balancing_core_extra" name="test_plan_ups_charging_and_holding_intervals" time="0.006" /><testcase classname="tests.test_boiler_switch_edge_cases" name="test_switch_is_on_returns_none_for_missing_state" time="0.003" /><testcase classname="tests.test_config_flow_wizard_steps" name="test_get_total_steps_with_modules" time="0.132" /><testcase classname="tests.test_battery_forecast_remaining_coverage" name="test_hybrid_scoring_extract_prices_and_reasons" time="0.003" /><testcase classname="tests.test_boiler_switch_edge_cases" name="test_switch_is_on_returns_false_for_off_state" time="0.004" /><testcase classname="tests.test_config_flow_wizard_steps" name="test_get_total_steps_options_flow" time="0.004" /><testcase classname="tests.test_balancing_core_extra" name="test_get_battery_capacity_kwh_handles_units" time="0.007" /><testcase classname="tests.test_battery_forecast_remaining_coverage" name="test_hybrid_scoring_negative_price_strategies" time="0.003" /><testcase classname="tests.test_boiler_switch_edge_cases" name="test_switch_is_on_returns_true_for_on_state" time="0.003" /><testcase classname="tests.test_battery_forecast_remaining_coverage" name="test_hybrid_scoring_smoothing_merges" time="0.003" /><testcase classname="tests.test_config_flow_wizard_steps" name="test_get_step_placeholders_progress" time="0.004" /><testcase classname="tests.test_boiler_switch_edge_cases" name="test_resolve_box_id_updates_entry_options_with_extracted" time="0.005" /><testcase classname="tests.test_config_flow_wizard_steps" name="test_get_next_step_skips_disabled" time="0.004" /><testcase classname="tests.test_battery_forecast_remaining_coverage" name="test_hybrid_strategy_optimize_branches" time="0.004" /><testcase classname="tests.test_balancing_core_extra" name="test_get_spot_prices_48h_parses_timeline" time="0.009" /><testcase classname="tests.test_battery_forecast_remaining_coverage" name="test_calculate_optimal_mode" time="0.003" /><testcase classname="tests.test_config_flow_wizard_steps" name="test_wizard_modules_requires_dependencies" time="0.006" /><testcase classname="tests.test_battery_forecast_remaining_coverage" name="test_timeline_extended_storage_load_error" time="0.012" /><testcase classname="tests.test_coordinator" name="test_async_update_data_jitter_positive" time="0.029" /><testcase classname="tests.test_balancing_core_extra" name="test_calculate_immediate_balancing_cost" time="0.006" /><testcase classname="tests.test_config_flow_wizard_steps" name="test_wizard_modules_dashboard_requires_all" time="0.008" /><testcase classname="tests.test_balancing_core_extra" name="test_calculate_total_balancing_cost" time="0.007" /><testcase classname="tests.test_config_flow_wizard_steps" name="test_wizard_intervals_validation_errors" time="0.008" /><testcase classname="tests.test_balancing_core_extra" name="test_find_cheap_holding_window" time="0.006" /><testcase classname="tests.test_config_flow_wizard_steps" name="test_wizard_credentials_back_button" time="0.006" /><testcase classname="tests.test_balancing_core_extra" name="test_get_current_soc_percent_and_sensor_state" time="0.007" /><testcase classname="tests.test_coordinator" name="test_async_update_data_skips_one_shot_jitter" time="0.029" /><testcase classname="tests.test_coordinator" name="test_async_update_data_applies_jitter_after_one_shot_skip" time="0.039" /><testcase classname="tests.test_coordinator" name="test_async_update_data_data_source_state_exception" time="0.026" /><testcase classname="tests.test_boiler_switch_wrapper" name="test_boiler_switch_setup_skips_without_targets" time="0.118" /><testcase classname="tests.test_boiler_switch_wrapper" name="test_boiler_switch_wrapper_turns_on_and_off" time="0.006" /><testcase classname="tests.test_boiler_switch_wrapper" name="test_boiler_switch_wrapper_circulation_optional" time="0.006" /><testcase classname="tests.test_battery_forecast_sensor_runtime_more" name="test_log_rate_limited_non_callable_logger" time="0.124" /><testcase classname="tests.test_coordinator" name="test_async_update_data_telemetry_snapshot_exception" time="0.035" /><testcase classname="tests.test_battery_forecast_sensor_runtime_more" name="test_get_config_options_and_data" time="0.004" /><testcase classname="tests.test_battery_forecast_sensor_runtime_more" name="test_get_state_uses_capacity_when_soc_missing" time="0.005" /><testcase classname="tests.test_config_helpers" name="test_sanitize_data_source_mode" time="0.127" /><testcase classname="tests.test_battery_forecast_sensor_runtime_more" name="test_is_available_uses_parent_property" time="0.005" /><testcase classname="tests.test_config_helpers" name="test_migrate_old_pricing_data_percentage" time="0.003" /><testcase classname="tests.test_battery_forecast_sensor_runtime_more" name="test_handle_coordinator_update_calls_parent" time="0.004" /><testcase classname="tests.test_config_helpers" name="test_map_pricing_to_backend_fixed_price" time="0.003" /><testcase classname="tests.test_battery_forecast_sensor_runtime_more" name="test_is_available_defaults_true" time="0.007" /><testcase classname="tests.test_balancing_core_more" name="test_days_and_hours_since_last_balancing" time="0.137" /><testcase classname="tests.test_config_helpers" name="test_validate_tariff_hours" time="0.004" /><testcase classname="tests.test_config_helpers" name="test_validate_tariff_hours_extra_branches" time="0.004" /><testcase classname="tests.test_balancing_core_more" name="test_get_economic_price_threshold_invalid" time="0.004" /><testcase classname="tests.test_battery_forecast_sensor_runtime_more" name="test_handle_will_remove_calls_helpers" time="0.006" /><testcase classname="tests.test_coordinator" name="test_async_update_data_skips_battery_forecast_when_disabled" time="0.037" /><testcase classname="tests.test_config_helpers" name="test_validate_tariff_hours_sorted_index_error" time="0.003" /><testcase classname="tests.test_balancing_core_more" name="test_plan_cooldown_active" time="0.006" /><testcase classname="tests.test_config_helpers" name="test_validate_tariff_hours_break_on_overflow" time="0.003" /><testcase classname="tests.test_config_helpers" name="test_validate_tariff_hours_break_on_overflow_nt" time="0.004" /><testcase classname="tests.test_balancing_core_more" name="test_load_state_safe_sets_last_plan_ts" time="0.007" /><testcase classname="tests.test_config_helpers" name="test_validate_tariff_hours_overlap_forced" time="0.003" /><testcase classname="tests.test_balancing_core_more" name="test_check_balancing_opportunistic_cooldown" time="0.009" /><testcase classname="tests.test_config_helpers" name="test_validate_input_ok" time="0.005" /><testcase classname="tests.test_config_helpers" name="test_validate_input_live_data_missing" time="0.006" /><testcase classname="tests.test_coordinator" name="test_async_update_data_local_mode_no_telemetry_store" time="0.028" /><testcase classname="tests.test_balancing_core_more" name="test_check_if_balancing_occurred_detects_completion" time="0.006" /><testcase classname="tests.test_config_helpers" name="test_validate_solar_forecast_api_key_status" time="0.006" /><testcase classname="tests.test_balancing_core_more" name="test_check_natural_balancing_creates_plan" time="0.008" /><testcase classname="tests.test_balancing_core_more" name="test_get_battery_capacity_kwh_wh_units" time="0.005" /><testcase classname="tests.test_box_mode_composite.TestMainModeEnum" name="test_main_mode_count" time="0.117" /><testcase classname="tests.test_box_mode_composite.TestMainModeEnum" name="test_main_mode_has_correct_values" time="0.004" /><testcase classname="tests.test_balancing_core_more" name="test_get_spot_prices_48h" time="0.007" /><testcase classname="tests.test_coordinator" name="test_async_update_data_fill_config_nodes_exception" time="0.034" /><testcase classname="tests.test_box_mode_composite.TestSupplementaryState" name="test_constructor_requires_all_fields" time="0.004" /><testcase classname="tests.test_balancing_core_more" name="test_find_cheap_holding_window" time="0.006" /><testcase classname="tests.test_box_mode_composite.TestSupplementaryState" name="test_is_frozen_dataclass" time="0.005" /><testcase classname="tests.test_box_mode_composite.TestParseAppValue" name="test_negative_raw_unknown" time="0.004" /><testcase classname="tests.test_box_mode_composite.TestParseAppValue" name="test_none_returns_none" time="0.004" /><testcase classname="tests.test_box_mode_composite.TestParseAppValue" name="test_raw_0_returns_home_grid_v_false_vi_false" time="0.004" /><testcase classname="tests.test_coordinator" name="test_extended_data_enabled" time="0.032" /><testcase classname="tests.test_box_mode_composite.TestParseAppValue" name="test_raw_1_returns_home_grid_v_true_vi_false" time="0.004" /><testcase classname="tests.test_box_mode_composite.TestParseAppValue" name="test_raw_2_returns_home_grid_v_false_vi_true" time="0.004" /><testcase classname="tests.test_box_mode_composite.TestParseAppValue" name="test_raw_3_returns_home_grid_v_true_vi_true" time="0.004" /><testcase classname="tests.test_box_mode_composite.TestParseAppValue" name="test_raw_4_returns_flexibilita_true" time="0.004" /><testcase classname="tests.test_box_mode_composite.TestParseAppValue" name="test_raw_5_unknown" time="0.004" /><testcase classname="tests.test_coordinator" name="test_async_update_data_startup_grace_includes_cache" time="0.032" /><testcase classname="tests.test_box_mode_composite.TestParseAppValue" name="test_raw_999_unknown" time="0.004" /><testcase classname="tests.test_box_mode_composite.TestCanonicalExtendedState" name="test_flexibilita_returns_flexibility" time="0.004" /><testcase classname="tests.test_battery_forecast_sensor_setup_more" name="test_initialize_sensor_without_hass" time="0.141" /><testcase classname="tests.test_battery_forecast_sensor_setup_more" name="test_initialize_sensor_resolve_box_id_exception" time="0.007" /><testcase classname="tests.test_box_mode_composite.TestCanonicalExtendedState" name="test_home_5_home_6_returns_home_5_home_6" time="0.003" /><testcase classname="tests.test_box_mode_composite.TestCanonicalExtendedState" name="test_home_5_returns_home_5" time="0.004" /><testcase classname="tests.test_box_mode_composite.TestCanonicalExtendedState" name="test_home_6_returns_home_6" time="0.004" /><testcase classname="tests.test_coordinator" name="test_async_update_data_initial_spot_fetch" time="0.028" /><testcase classname="tests.test_config_options_flow" name="test_options_flow_welcome_reconfigure" time="0.130" /><testcase classname="tests.test_box_mode_composite.TestCanonicalExtendedState" name="test_none_returns_none_string" time="0.005" /><testcase classname="tests.test_box_mode_composite.TestCanonicalExtendedState" name="test_unknown_returns_unknown" time="0.006" /><testcase classname="tests.test_config_options_flow" name="test_options_flow_init_redirect" time="0.012" /><testcase classname="tests.test_box_mode_composite.TestCanonicalExtendedState" name="test_zero_returns_home_5_home_6" time="0.004" /><testcase classname="tests.test_box_mode_composite.TestBuildAppValue" name="test_combined_changes" time="0.006" /><testcase classname="tests.test_config_options_flow" name="test_options_flow_summary_updates_entry" time="0.009" /><testcase classname="tests.test_coordinator" name="test_schedule_spot_price_update_before_13" time="0.012" /><testcase classname="tests.test_coordinator" name="test_schedule_spot_price_update_after_13" time="0.010" /><testcase classname="tests.test_box_mode_composite.TestBuildAppValue" name="test_none_toggles_raises_value_error" time="0.003" /><testcase classname="tests.test_config_options_flow" name="test_options_flow_summary_back_button" time="0.007" /><testcase classname="tests.test_box_mode_composite.TestBuildAppValue" name="test_raises_when_current_raw_none_and_toggle_specified" time="0.005" /><testcase classname="tests.test_balancing_executor_more" name="test_parse_plan_missing_fields" time="0.136" /><testcase classname="tests.test_coordinator" name="test_schedule_spot_price_update_callback" time="0.027" /><testcase classname="tests.test_box_mode_composite.TestBuildAppValue" name="test_set_home_grid_v_false_clears_v_bit" time="0.003" /><testcase classname="tests.test_config_options_flow" name="test_options_flow_summary_form" time="0.006" /><testcase classname="tests.test_box_mode_composite.TestBuildAppValue" name="test_set_home_grid_v_true_preserves_vi_bit" time="0.003" /><testcase classname="tests.test_box_mode_composite.TestBuildAppValue" name="test_set_home_grid_vi_false_clears_vi_bit" time="0.004" /><testcase classname="tests.test_balancing_executor_more" name="test_parse_plan_preferred_intervals_variants" time="0.005" /><testcase classname="tests.test_balancing_executor_more" name="test_apply_balancing_infeasible_warning" time="0.004" /><testcase classname="tests.test_box_mode_composite.TestBuildAppValue" name="test_set_home_grid_vi_true_preserves_v_bit" time="0.004" /><testcase classname="tests.test_balancing_executor_more" name="test_get_balancing_indices_and_costs" time="0.004" /><testcase classname="tests.test_config_options_flow" name="test_options_flow_summary_exception" time="0.025" /><testcase classname="tests.test_balancing_executor_more" name="test_parse_plan_datetime_objects_and_invalid_interval" time="0.003" /><testcase classname="tests.test_balancing_executor_more" name="test_apply_balancing_uses_preferred_and_cheapest" time="0.007" /><testcase classname="tests.test_balancing_executor_more" name="test_get_balancing_indices_handles_bad_time" time="0.007" /><testcase classname="tests.test_config_options_flow" name="test_options_flow_summary_flags" time="0.013" /><testcase classname="tests.test_coordinator" name="test_schedule_hourly_fallback_schedules" time="0.008" /><testcase classname="tests.test_config_options_flow" name="test_options_flow_summary_maps_selected_fields" time="0.008" /><testcase classname="tests.test_coordinator" name="test_hourly_fallback_updates_cache" time="0.008" /><testcase classname="tests.test_config_options_flow" name="test_options_flow_summary_boiler_defaults" time="0.009" /><testcase classname="tests.test_coordinator" name="test_hourly_fallback_no_data_and_exception" time="0.008" /><testcase classname="tests.test_config_options_flow" name="test_options_flow_summary_solar_battery_defaults" time="0.009" /><testcase classname="tests.test_coordinator" name="test_hourly_fallback_no_need" time="0.008" /><testcase classname="tests.test_coordinator" name="test_hourly_fallback_no_ote_api" time="0.007" /><testcase classname="tests.test_config_options_flow" name="test_options_flow_summary_auto_balancing_solar_string2" time="0.007" /><testcase classname="tests.test_battery_forecast_timeline" name="test_timeline_data_from_spot_prices" time="0.176" /><testcase classname="tests.test_coordinator" name="test_hourly_fallback_after_13_missing_tomorrow" time="0.009" /><testcase classname="tests.test_coordinator" name="test_hourly_fallback_warning_on_empty" time="0.012" /><testcase classname="tests.test_battery_forecast_timeline" name="test_extra_state_attributes_contain_timeline_info" time="0.006" /><testcase classname="tests.test_battery_forecast_timeline" name="test_extra_state_attributes_debug_mode_contains_timeline" time="0.006" /><testcase classname="tests.test_battery_forecast_timeline" name="test_price_timeline_filtering" time="0.006" /><testcase classname="tests.test_coordinator" name="test_update_spot_prices_success" time="0.008" /><testcase classname="tests.test_battery_forecast_timeline" name="test_data_hash_calculation" time="0.005" /><testcase classname="tests.test_coordinator" name="test_update_spot_prices_updates_listeners" time="0.009" /><testcase classname="tests.test_battery_forecast_timeline" name="test_empty_timeline_data" time="0.006" /><testcase classname="tests.test_coordinator" name="test_update_spot_prices_no_ote_api" time="0.007" /><testcase classname="tests.test_box_mode_extended_sensor" name="test_sensor_config_in_sensor_types" time="0.140" /><testcase classname="tests.test_coordinator" name="test_update_spot_prices_exception_calls_retry" time="0.009" /><testcase classname="tests.test_balancing_executor_more2" name="test_parse_plan_invalid_interval_type_skips" time="0.127" /><testcase classname="tests.test_box_mode_extended_sensor" name="test_unknown_when_raw_sensor_unavailable" time="0.004" /><testcase classname="tests.test_balancing_executor_more2" name="test_parse_plan_invalid_holding_start_returns_none" time="0.004" /><testcase classname="tests.test_box_mode_extended_sensor" name="test_unknown_when_raw_sensor_unknown_string" time="0.004" /><testcase classname="tests.test_coordinator" name="test_update_spot_prices_failure_calls_retry" time="0.007" /><testcase classname="tests.test_balancing_executor_more2" name="test_apply_balancing_returns_warning_on_invalid_plan" time="0.004" /><testcase classname="tests.test_box_mode_extended_sensor" name="test_unknown_when_raw_sensor_empty" time="0.004" /><testcase classname="tests.test_coordinator" name="test_handle_spot_retry_outside_important" time="0.006" /><testcase classname="tests.test_balancing_executor_more2" name="test_apply_balancing_handles_bad_spot_time" time="0.004" /><testcase classname="tests.test_box_mode_extended_sensor" name="test_raw_0_returns_none" time="0.005" /><testcase classname="tests.test_balancing_executor_more2" name="test_get_balancing_indices_invalid_plan_returns_empty" time="0.004" /><testcase classname="tests.test_coordinator" name="test_handle_spot_retry_inside_important" time="0.006" /><testcase classname="tests.test_box_mode_extended_sensor" name="test_raw_1_returns_home_5" time="0.004" /><testcase classname="tests.test_box_mode_extended_sensor" name="test_raw_2_returns_home_6" time="0.004" /><testcase classname="tests.test_coordinator" name="test_handle_spot_retry_cancels_existing" time="0.006" /><testcase classname="tests.test_box_mode_extended_sensor" name="test_raw_3_returns_home_5_home_6" time="0.004" /><testcase classname="tests.test_coordinator" name="test_handle_spot_retry_resets_after_max" time="0.006" /><testcase classname="tests.test_box_mode_extended_sensor" name="test_raw_4_returns_flexibility" time="0.004" /><testcase classname="tests.test_coordinator" name="test_handle_spot_retry_executes_retry_callback" time="0.008" /><testcase classname="tests.test_box_mode_extended_sensor" name="test_raw_5_returns_unknown" time="0.005" /><testcase classname="tests.test_config_steps_coverage_extra" name="test_migrate_import_percentage_single_tariff_branch" time="0.129" /><testcase classname="tests.test_box_mode_extended_sensor" name="test_raw_negative_returns_unknown" time="0.004" /><testcase classname="tests.test_coordinator" name="test_async_shutdown_reraises_cancelled_spot_retry_task" time="0.006" /><testcase classname="tests.test_config_steps_coverage_extra" name="test_wizard_battery_invalid_hysteresis_and_hold_hours" time="0.010" /><testcase classname="tests.test_box_mode_extended_sensor" name="test_raw_999_returns_unknown" time="0.004" /><testcase classname="tests.test_coordinator" name="test_async_shutdown_reraises_cancelled_battery_forecast_task" time="0.006" /><testcase classname="tests.test_box_mode_extended_sensor" name="test_float_raw_value_is_converted" time="0.004" /><testcase classname="tests.test_config_steps_coverage_extra" name="test_wizard_battery_hysteresis_too_high" time="0.008" /><testcase classname="tests.test_coordinator" name="test_prune_for_cache_limits_payload" time="0.012" /><testcase classname="tests.test_config_steps_coverage_extra" name="test_wizard_battery_hw_min_hold_hours_too_high" time="0.008" /><testcase classname="tests.test_coordinator" name="test_prune_for_cache_fallback_str_failure" time="0.006" /><testcase classname="tests.test_coordinator" name="test_prune_for_cache_depth_limit" time="0.006" /><testcase classname="tests.test_battery_forecast_types_more" name="test_get_service_name_default" time="0.132" /><testcase classname="tests.test_coordinator" name="test_prune_for_cache_datetime_isoformat_error" time="0.009" /><testcase classname="tests.test_battery_forecast_types_more" name="test_mode_from_name_variants_and_default" time="0.004" /><testcase classname="tests.test_battery_forecast_types_more" name="test_safe_nested_get_from_types" time="0.004" /><testcase classname="tests.test_coordinator" name="test_maybe_schedule_cache_save" time="0.027" /><testcase classname="tests.test_balancing_helpers" name="test_update_balancing_plan_snapshot_sets_active" time="0.129" /><testcase classname="tests.test_balancing_helpers" name="test_update_balancing_plan_snapshot_clears_on_balancing" time="0.004" /><testcase classname="tests.test_balancing_helpers" name="test_get_balancing_plan" time="0.004" /><testcase classname="tests.test_balancing_helpers" name="test_get_balancing_plan_no_hass" time="0.004" /><testcase classname="tests.test_balancing_helpers" name="test_get_balancing_plan_no_state" time="0.004" /><testcase classname="tests.test_coordinator" name="test_maybe_schedule_cache_save_no_store" time="0.037" /><testcase classname="tests.test_balancing_helpers" name="test_get_balancing_plan_no_planned" time="0.005" /><testcase classname="tests.test_balancing_helpers" name="test_get_balancing_plan_empty_planned" time="0.004" /><testcase classname="tests.test_balancing_helpers" name="test_update_balancing_plan_snapshot_empty_requester" time="0.003" /><testcase classname="tests.test_balancing_helpers" name="test_plan_balancing_success" time="0.004" /><testcase classname="tests.test_coordinator" name="test_maybe_schedule_cache_save_errors" time="0.024" /><testcase classname="tests.test_balancing_helpers" name="test_plan_balancing_error" time="0.005" /><testcase classname="tests.test_box_prm2_api.TestOigCloudApiSetBoxPrm2App" name="test_set_box_prm2_app_success" time="0.143" /><testcase classname="tests.test_box_prm2_api.TestOigCloudApiSetBoxPrm2App" name="test_set_box_prm2_app_value_zero" time="0.007" /><testcase classname="tests.test_config_steps_distribution" name="test_pricing_distribution_schema_weekend_fields" time="0.147" /><testcase classname="tests.test_coordinator" name="test_maybe_schedule_cache_save_async_save_error" time="0.027" /><testcase classname="tests.test_box_prm2_api.TestOigCloudApiSetBoxPrm2App" name="test_set_box_prm2_app_value_max" time="0.009" /><testcase classname="tests.test_config_steps_distribution" name="test_pricing_distribution_weekend_toggle_rerender" time="0.006" /><testcase classname="tests.test_config_steps_distribution" name="test_pricing_distribution_initial_form" time="0.005" /><testcase classname="tests.test_box_prm2_api.TestOigCloudApiSetBoxPrm2App" name="test_set_box_prm2_app_error" time="0.011" /><testcase classname="tests.test_config_steps_distribution" name="test_pricing_distribution_invalid_hours" time="0.005" /><testcase classname="tests.test_battery_forecast_utils_common" name="test_safe_nested_get_handles_none_and_non_dict" time="0.138" /><testcase classname="tests.test_battery_forecast_utils_common" name="test_parse_timeline_timestamp_invalid_and_naive" time="0.004" /><testcase classname="tests.test_config_steps_distribution" name="test_pricing_distribution_invalid_weekend_hours" time="0.005" /><testcase classname="tests.test_box_prm2_api.TestOigCloudSessionManagerSetBoxPrm2App" name="test_set_box_prm2_app_delegates_to_api" time="0.017" /><testcase classname="tests.test_coordinator" name="test_update_intervals_triggers_refresh" time="0.033" /><testcase classname="tests.test_battery_forecast_utils_common" name="test_format_time_label_variants" time="0.004" /><testcase classname="tests.test_config_steps_distribution" name="test_pricing_distribution_invalid_nt_fee" time="0.005" /><testcase classname="tests.test_battery_forecast_utils_common" name="test_parse_tariff_times_invalid" time="0.004" /><testcase classname="tests.test_config_steps_distribution" name="test_pricing_distribution_tariff_gaps" time="0.005" /><testcase classname="tests.test_battery_forecast_utils_common" name="test_get_tariff_for_datetime_variants" time="0.004" /><testcase classname="tests.test_config_steps_distribution" name="test_pricing_distribution_invalid_hour_range" time="0.006" /><testcase classname="tests.test_box_prm2_api.TestOigCloudSessionManagerSetBoxPrm2App" name="test_set_box_prm2_app_calls_api_with_correct_value" time="0.015" /><testcase classname="tests.test_battery_forecast_utils_common" name="test_get_tariff_for_datetime_midnight_split" time="0.004" /><testcase classname="tests.test_coordinator" name="test_fill_config_nodes_from_cloud" time="0.041" /><testcase classname="tests.test_config_steps_distribution" name="test_pricing_distribution_back_button" time="0.005" /><testcase classname="tests.test_config_steps_distribution" name="test_pricing_distribution_schema_weekend_diff_defaults" time="0.004" /><testcase classname="tests.test_config_steps_distribution" name="test_pricing_distribution_success_weekend_custom" time="0.005" /><testcase classname="tests.test_balancing_manager_core" name="test_check_balancing_requires_forecast_sensor" time="0.118" /><testcase classname="tests.test_balancing_manager_core" name="test_check_balancing_without_forecast_sensor_logs_debug" time="0.007" /><testcase classname="tests.test_coordinator" name="test_fill_config_nodes_from_cloud_missing_box" time="0.027" /><testcase classname="tests.test_balancing_manager_core" name="test_log_watchdog_correction_uses_rate_limited_warning" time="0.004" /><testcase classname="tests.test_balancing_manager_core" name="test_check_balancing_active_plan_holding" time="0.006" /><testcase classname="tests.test_balancing_manager_core" name="test_check_balancing_force_creates_plan" time="0.006" /><testcase classname="tests.test_balancing_manager_core" name="test_check_balancing_natural_plan" time="0.006" /><testcase classname="tests.test_coordinator" name="test_should_update_extended_handles_timezone" time="0.027" /><testcase classname="tests.test_balancing_manager_core" name="test_normalize_plan_datetime_handles_none_and_invalid" time="0.005" /><testcase classname="tests.test_balancing_manager_core" name="test_handle_active_plan_missing_dates" time="0.004" /><testcase classname="tests.test_balancing_manager_core" name="test_check_balancing_forced_by_cycle" time="0.006" /><testcase classname="tests.test_balancing_manager_core" name="test_check_balancing_opportunistic" time="0.006" /><testcase classname="tests.test_coordinator" name="test_async_update_data_local_mode_uses_snapshot" time="0.034" /><testcase classname="tests.test_balancing_manager_core" name="test_balancing_config_helpers" time="0.003" /><testcase classname="tests.test_balancing_manager_core" name="test_load_and_save_state" time="0.005" /><testcase classname="tests.test_balancing_manager_core" name="test_get_sensor_state_and_attributes" time="0.004" /><testcase classname="tests.test_box_prm2_app_local_proxy_mapping" name="test_local_entity_suffix_registered_in_suffix_updates" time="0.129" /><testcase classname="tests.test_battery_state_helpers" name="test_get_total_battery_capacity_installed" time="0.143" /><testcase classname="tests.test_config_steps_flow" name="test_total_steps_with_modules_and_summary" time="0.121" /><testcase classname="tests.test_coordinator" name="test_async_update_data_standalone_notifications" time="0.031" /><testcase classname="tests.test_box_prm2_app_local_proxy_mapping" name="test_normalize_proxy_entity_id_parses_tbl_box_prm2_app" time="0.005" /><testcase classname="tests.test_config_steps_flow" name="test_total_steps_options_flow_reconfigure" time="0.005" /><testcase classname="tests.test_box_prm2_app_local_proxy_mapping" name="test_normalize_proxy_entity_id_parses_cfg_variant" time="0.006" /><testcase classname="tests.test_config_steps_flow" name="test_current_step_number_pricing_flow" time="0.004" /><testcase classname="tests.test_box_prm2_app_local_proxy_mapping" name="test_local_update_applier_writes_box_prm2_app_value" time="0.004" /><testcase classname="tests.test_config_steps_flow" name="test_step_placeholders_progress_bar" time="0.006" /><testcase classname="tests.test_battery_state_helpers" name="test_get_total_battery_capacity_pv_data" time="0.024" /><testcase classname="tests.test_box_prm2_app_local_proxy_mapping" name="test_local_update_applier_writes_float_value" time="0.004" /><testcase classname="tests.test_config_steps_flow" name="test_get_next_step_skips_disabled_modules" time="0.003" /><testcase classname="tests.test_box_prm2_app_local_proxy_mapping" name="test_local_update_applier_handles_string_number" time="0.003" /><testcase classname="tests.test_config_steps_flow" name="test_wizard_intervals_validation_errors" time="0.006" /><testcase classname="tests.test_coordinator" name="test_async_update_data_notification_init_failure" time="0.031" /><testcase classname="tests.test_box_prm2_app_local_proxy_mapping" name="test_local_update_applier_no_change_when_value_same" time="0.005" /><testcase classname="tests.test_box_prm2_app_local_proxy_mapping" name="test_local_update_applier_no_change_for_unmatched_suffix" time="0.004" /><testcase classname="tests.test_config_steps_flow" name="test_wizard_intervals_success_path" time="0.005" /><testcase classname="tests.test_box_prm2_app_local_proxy_mapping" name="test_normalize_proxy_entity_id_returns_none_for_wrong_device" time="0.003" /><testcase classname="tests.test_box_prm2_app_local_proxy_mapping" name="test_normalize_proxy_entity_id_returns_none_for_wrong_domain" time="0.003" /><testcase classname="tests.test_box_prm2_app_local_proxy_mapping" name="test_box_prm2_app_sensor_type_in_sensor_types" time="0.005" /><testcase classname="tests.test_battery_state_helpers" name="test_get_current_battery_capacity" time="0.025" /><testcase classname="tests.test_coordinator" name="test_async_update_data_notification_init_success" time="0.031" /><testcase classname="tests.test_battery_state_helpers" name="test_total_capacity_fallbacks" time="0.020" /><testcase classname="tests.test_balancing_plan_more" name="test_balancing_interval_to_from_dict" time="0.109" /><testcase classname="tests.test_balancing_plan_more" name="test_balancing_plan_to_json_and_from_json" time="0.003" /><testcase classname="tests.test_coordinator" name="test_async_update_data_notification_status_no_attr" time="0.030" /><testcase classname="tests.test_battery_state_helpers" name="test_read_state_float_branches" time="0.023" /><testcase classname="tests.test_balancing_plan_more" name="test_balancing_plan_from_dict_datetime_passthrough" time="0.004" /><testcase classname="tests.test_battery_state_helpers" name="test_capacity_from_pv_data_error" time="0.024" /><testcase classname="tests.test_coordinator" name="test_async_update_data_config_entry_options_exception" time="0.040" /><testcase classname="tests.test_battery_state_helpers" name="test_current_soc_percent" time="0.020" /><testcase classname="tests.test_config_steps_helpers_more" name="test_sanitize_data_source_mode" time="0.119" /><testcase classname="tests.test_config_steps_helpers_more" name="test_migrate_old_pricing_data_fixed_prices_dual" time="0.004" /><testcase classname="tests.test_coordinator" name="test_async_update_data_no_config_entry" time="0.022" /><testcase classname="tests.test_config_steps_helpers_more" name="test_map_pricing_to_backend_dual_weekend_custom" time="0.004" /><testcase classname="tests.test_battery_state_helpers" name="test_min_target_capacity" time="0.025" /><testcase classname="tests.test_box_prm2_app_sensor" name="test_sensor_config_has_correct_definition" time="0.120" /><testcase classname="tests.test_config_steps_helpers_more" name="test_map_backend_to_frontend_fixed_prices_dual" time="0.004" /><testcase classname="tests.test_box_prm2_app_sensor" name="test_sensor_entity_id_format" time="0.004" /><testcase classname="tests.test_box_prm2_app_sensor" name="test_sensor_renders_raw_integer_not_label" time="0.004" /><testcase classname="tests.test_coordinator" name="test_async_update_data_extended_notifications_success" time="0.031" /><testcase classname="tests.test_box_prm2_app_sensor" name="test_special_state_not_handled_for_box_prm2_app" time="0.004" /><testcase classname="tests.test_box_prm2_app_sensor" name="test_no_label_mapping_in_special_state" time="0.003" /><testcase classname="tests.test_battery_state_helpers" name="test_current_capacity_missing" time="0.018" /><testcase classname="tests.test_battery_state_helpers" name="test_get_max_capacity" time="0.020" /><testcase classname="tests.test_balancing_simulation.TestBalancingSimulation" name="test_interval_balancing_7th_day" time="0.180" /><testcase classname="tests.test_coordinator" name="test_async_update_data_extended_notifications_no_device" time="0.035" /><testcase classname="tests.test_battery_state_helpers" name="test_battery_efficiency" time="0.022" /><testcase classname="tests.test_battery_state_helpers" name="test_ac_charging_limit" time="0.018" /><testcase classname="tests.test_coordinator" name="test_async_update_data_extended_notifications_failure" time="0.034" /><testcase classname="tests.test_balancing_simulation.TestBalancingSimulation" name="test_opportunistic_balancing" time="0.075" /><testcase classname="tests.test_config_steps_helpers_more2" name="test_handle_back_button_history" time="0.118" /><testcase classname="tests.test_battery_state_helpers" name="test_get_current_mode" time="0.028" /><testcase classname="tests.test_config_steps_helpers_more2" name="test_generate_summary_variants" time="0.004" /><testcase classname="tests.test_coordinator" name="test_async_update_data_extended_stats_failure" time="0.024" /><testcase classname="tests.test_charging_plan_adjustments_more" name="test_find_first_minimum_violation" time="0.108" /><testcase classname="tests.test_charging_plan_adjustments_more" name="test_find_cheapest_hour_before_filters" time="0.003" /><testcase classname="tests.test_charging_plan_adjustments_more" name="test_fix_minimum_capacity_no_candidate" time="0.004" /><testcase classname="tests.test_battery_state_helpers" name="test_get_boiler_available_capacity" time="0.024" /><testcase classname="tests.test_charging_plan_adjustments_more" name="test_ensure_target_capacity_no_candidate" time="0.003" /><testcase classname="tests.test_charging_plan_adjustments_more" name="test_ensure_target_capacity_empty_timeline" time="0.004" /><testcase classname="tests.test_coordinator" name="test_async_update_data_standalone_notification_failure" time="0.031" /><testcase classname="tests.test_charging_plan_adjustments_more" name="test_ensure_target_capacity_already_met" time="0.005" /><testcase classname="tests.test_charging_plan_adjustments_more" name="test_find_cheapest_suitable_hour" time="0.004" /><testcase classname="tests.test_charging_plan_adjustments_more" name="test_find_cheapest_hour_before_returns_best" time="0.003" /><testcase classname="tests.test_charging_plan_adjustments_more" name="test_find_cheapest_hour_before_price_threshold_excludes" time="0.004" /><testcase classname="tests.test_charging_plan_adjustments_more" name="test_find_cheapest_suitable_hour_price_threshold_excludes" time="0.004" /><testcase classname="tests.test_charging_plan_adjustments_more" name="test_fix_minimum_capacity_hits_max_iterations" time="0.014" /><testcase classname="tests.test_balancing_simulation.TestBalancingSimulation" name="test_normal_operation_no_balancing" time="0.044" /><testcase classname="tests.test_coordinator" name="test_async_update_data_battery_forecast_task_running" time="0.034" /><testcase classname="tests.test_charging_plan_adjustments_more" name="test_ensure_target_capacity_hits_max_iterations" time="0.015" /><testcase classname="tests.test_coordinator" name="test_async_update_data_battery_forecast_task_created" time="0.026" /><testcase classname="tests.test_balancing_simulation.TestBalancingSimulation" name="test_compare_balancing_vs_normal" time="0.102" /><testcase classname="tests.test_config_steps_more" name="test_migrate_old_pricing_data_empty_and_passthrough" time="0.124" /><testcase classname="tests.test_coordinator" name="test_async_update_data_includes_spot_prices_cache" time="0.026" /><testcase classname="tests.test_config_steps_more" name="test_migrate_old_pricing_data_fixed_models" time="0.003" /><testcase classname="tests.test_config_steps_more" name="test_map_backend_to_frontend_weekend_same_defaults" time="0.003" /><testcase classname="tests.test_config_steps_more" name="test_get_defaults_reconfiguration" time="0.004" /><testcase classname="tests.test_config_steps_more" name="test_handle_back_button_returns_previous" time="0.005" /><testcase classname="tests.test_coordinator" name="test_async_update_data_includes_battery_forecast_data" time="0.031" /><testcase classname="tests.test_binary_sensor" name="test_binary_sensor_types_present" time="0.129" /><testcase classname="tests.test_config_steps_more" name="test_handle_back_button_no_history_returns_welcome" time="0.005" /><testcase classname="tests.test_binary_sensor" name="test_binary_sensor_basic" time="0.006" /><testcase classname="tests.test_config_steps_more" name="test_generate_summary_all_sections" time="0.011" /><testcase classname="tests.test_balancing_simulation.TestBalancingSimulation" name="test_balancing_deadline_reached" time="0.071" /><testcase classname="tests.test_charging_plan_more" name="test_economic_charging_plan_no_candidates" time="0.110" /><testcase classname="tests.test_binary_sensor" name="test_async_setup_entry_creates_entities" time="0.006" /><testcase classname="tests.test_charging_plan_more" name="test_economic_charging_plan_death_valley_fix" time="0.004" /><testcase classname="tests.test_binary_sensor" name="test_binary_sensor_name_unique_and_errors" time="0.006" /><testcase classname="tests.test_coordinator" name="test_async_update_data_initial_spot_fetch_empty" time="0.029" /><testcase classname="tests.test_binary_sensor" name="test_binary_sensor_device_info_variants" time="0.006" /><testcase classname="tests.test_binary_sensor" name="test_binary_sensor_added_to_hass_error" time="0.005" /><testcase classname="tests.test_coordinator" name="test_async_update_data_initial_spot_fetch_exception" time="0.030" /><testcase classname="tests.test_config_steps_more3" name="test_sanitize_data_source_mode_variants" time="0.122" /><testcase classname="tests.test_coordinator" name="test_update_battery_forecast_skips_without_data" time="0.026" /><testcase classname="tests.test_coordinator" name="test_update_battery_forecast_no_inverter" time="0.028" /><testcase classname="tests.test_charging_plan_more" name="test_economic_charging_plan_economic_charge" time="0.004" /><testcase classname="tests.test_charging_plan_more" name="test_smart_charging_plan_critical_fix" time="0.004" /><testcase classname="tests.test_charging_plan_more" name="test_should_pre_charge_for_peak_avoidance_waits_for_cheaper_post_peak_slot" time="0.004" /><testcase classname="tests.test_charging_plan_more" name="test_should_pre_charge_for_peak_avoidance_preserves_headroom_for_future_negative_price" time="0.003" /><testcase classname="tests.test_charging_plan_more" name="test_should_pre_charge_for_peak_avoidance_keeps_precharge_when_pre_peak_load_would_drain_battery" time="0.004" /><testcase classname="tests.test_charging_plan_more" name="test_should_pre_charge_for_peak_avoidance_projects_soc_before_soc_sufficient_check" time="0.004" /><testcase classname="tests.test_charging_plan_more" name="test_should_pre_charge_for_peak_avoidance_detects_next_day_cheaper_slot" time="0.004" /><testcase classname="tests.test_charging_plan_more" name="test_should_pre_charge_for_peak_avoidance_ignores_negative_price_when_headroom_remains_sufficient" time="0.004" /><testcase classname="tests.test_config_steps_more3" name="test_config_flow_sanitize_mode_override" time="0.010" /><testcase classname="tests.test_coordinator" name="test_update_battery_forecast_with_timeline" time="0.035" /><testcase classname="tests.test_config_steps_more3" name="test_pricing_distribution_tariff_change_rerender" time="0.005" /><testcase classname="tests.test_config_steps_more3" name="test_pricing_distribution_invalid_fees_and_vat" time="0.006" /><testcase classname="tests.test_boiler_api_views_helper_branches" name="test_pick_peak_hours_empty_returns_empty_list" time="0.130" /><testcase classname="tests.test_boiler_api_views_helper_branches" name="test_build_circulation_windows_empty_returns_empty_list" time="0.004" /><testcase classname="tests.test_boiler_api_views_helper_branches" name="test_find_next_heating_slot_skips_non_consuming_slots" time="0.004" /><testcase classname="tests.test_boiler_api_views_helper_branches" name="test_build_state_payload_serializes_last_update_datetime" time="0.004" /><testcase classname="tests.test_coordinator" name="test_update_battery_forecast_no_timeline" time="0.033" /><testcase classname="tests.test_coordinator" name="test_create_simple_battery_forecast_no_data" time="0.030" /><testcase classname="tests.test_charging_plan_more2" name="test_economic_charging_plan_skip_low_savings" time="0.143" /><testcase classname="tests.test_charging_plan_more2" name="test_economic_charging_plan_protection_no_candidates" time="0.005" /><testcase classname="tests.test_charging_plan_more2" name="test_economic_charging_plan_protection_breaks_early" time="0.005" /><testcase classname="tests.test_coordinator" name="test_create_simple_battery_forecast_with_data" time="0.027" /><testcase classname="tests.test_charging_plan_more2" name="test_smart_charging_plan_target_loop_and_filters" time="0.003" /><testcase classname="tests.test_balancing_state_map" name="test_forced_balancing_transition" time="0.143" /><testcase classname="tests.test_charging_plan_more2" name="test_smart_charging_plan_hits_max_iterations" time="0.019" /><testcase classname="tests.test_balancing_state_map" name="test_forced_balancing_override_markers" time="0.008" /><testcase classname="tests.test_coordinator" name="test_maybe_fill_config_nodes_throttled" time="0.035" /><testcase classname="tests.test_balancing_state_map" name="test_opportunistic_does_not_break_pv_first_contract" time="0.012" /><testcase classname="tests.test_config_steps_more4" name="test_wizard_intervals_local_proxy_missing" time="0.127" /><testcase classname="tests.test_balancing_state_map" name="test_opportunistic_contract_allows_pv_first_deference" time="0.006" /><testcase classname="tests.test_config_steps_more4" name="test_wizard_intervals_local_proxy_present" time="0.004" /><testcase classname="tests.test_balancing_state_map" name="test_state_machine_order_natural_before_forced" time="0.009" /><testcase classname="tests.test_config_steps_more4" name="test_wizard_intervals_local_proxy_invalid_box_id" time="0.006" /><testcase classname="tests.test_config_steps_more4" name="test_wizard_solar_validation_errors" time="0.004" /><testcase classname="tests.test_config_steps_more4" name="test_wizard_solar_requires_api_key_every_4h" time="0.004" /><testcase classname="tests.test_balancing_state_map" name="test_state_machine_order_forced_overrides_opportunistic" time="0.008" /><testcase classname="tests.test_boiler_circulation" name="test_build_circulation_windows_empty" time="0.134" /><testcase classname="tests.test_boiler_circulation" name="test_build_circulation_windows_future" time="0.004" /><testcase classname="tests.test_balancing_state_map" name="test_balancing_plan_serialization_for_precedence_engine" time="0.004" /><testcase classname="tests.test_config_steps_more4" name="test_wizard_solar_string2_only_success" time="0.005" /><testcase classname="tests.test_boiler_circulation" name="test_is_circulation_recommended" time="0.004" /><testcase classname="tests.test_coordinator" name="test_maybe_fill_config_nodes_option_error" time="0.037" /><testcase classname="tests.test_config_steps_more4" name="test_wizard_solar_string_param_errors" time="0.006" /><testcase classname="tests.test_boiler_circulation" name="test_pick_peak_hours_variants" time="0.004" /><testcase classname="tests.test_config_steps_more4" name="test_wizard_solar_solcast_requires_key" time="0.006" /><testcase classname="tests.test_boiler_circulation" name="test_build_circulation_windows_no_peak_hours" time="0.004" /><testcase classname="tests.test_config_steps_more4" name="test_wizard_solar_initial_form" time="0.006" /><testcase classname="tests.test_coordinator" name="test_maybe_fill_config_nodes_stats_keys_error" time="0.030" /><testcase classname="tests.test_config_steps_more4" name="test_wizard_welcome_routes" time="0.005" /><testcase classname="tests.test_config_steps_more4" name="test_wizard_credentials_live_data_not_enabled" time="0.005" /><testcase classname="tests.test_config_steps_more4" name="test_wizard_credentials_invalid_auth" time="0.005" /><testcase classname="tests.test_config_steps_more4" name="test_wizard_credentials_cannot_connect" time="0.005" /><testcase classname="tests.test_config_steps_more4" name="test_wizard_credentials_unknown_error" time="0.008" /><testcase classname="tests.test_charging_plan_more3" name="test_smart_charging_plan_critical_filters" time="0.117" /><testcase classname="tests.test_coordinator" name="test_maybe_fill_config_nodes_box_not_dict" time="0.033" /><testcase classname="tests.test_charging_plan_more3" name="test_smart_charging_plan_critical_candidate_filters" time="0.005" /><testcase classname="tests.test_config_steps_more4" name="test_wizard_credentials_initial_form" time="0.007" /><testcase classname="tests.test_config_steps_more4" name="test_wizard_modules_go_back" time="0.006" /><testcase classname="tests.test_config_steps_more4" name="test_wizard_modules_dashboard_requires_all" time="0.005" /><testcase classname="tests.test_coordinator" name="test_maybe_fill_config_nodes_no_missing_nodes" time="0.035" /><testcase classname="tests.test_config_steps_more4" name="test_wizard_solar_invalid_coordinates_format" time="0.007" /><testcase classname="tests.test_config_steps_more4" name="test_wizard_solar_invalid_string_params_format" time="0.008" /><testcase classname="tests.test_config_steps_more4" name="test_migrate_old_pricing_data_fixed_dual" time="0.005" /><testcase classname="tests.test_config_steps_more4" name="test_map_backend_to_frontend_weekend_same_inferred" time="0.003" /><testcase classname="tests.test_base_sensor" name="test_base_sensor_import_error_uses_empty_config" time="0.138" /><testcase classname="tests.test_coordinator" name="test_maybe_fill_config_nodes_cloud_fetch_error" time="0.030" /><testcase classname="tests.test_config_steps_more4" name="test_map_backend_to_frontend_weekend_same_computed_false" time="0.003" /><testcase classname="tests.test_base_sensor" name="test_base_sensor_service_shield_logs_warning" time="0.006" /><testcase classname="tests.test_config_steps_more4" name="test_get_defaults_non_reconfiguration" time="0.004" /><testcase classname="tests.test_boiler_coordinator_more" name="test_async_update_data_success" time="0.138" /><testcase classname="tests.test_config_steps_more4" name="test_get_planner_mode_value" time="0.004" /><testcase classname="tests.test_base_sensor" name="test_base_sensor_unknown_box_id_warning" time="0.006" /><testcase classname="tests.test_config_steps_more4" name="test_get_step_placeholders_fallback" time="0.004" /><testcase classname="tests.test_boiler_coordinator_more" name="test_async_update_data_error" time="0.008" /><testcase classname="tests.test_config_steps_more4" name="test_get_current_step_number_options_flow" time="0.004" /><testcase classname="tests.test_coordinator" name="test_maybe_fill_config_nodes_cloud_invalid" time="0.026" /><testcase classname="tests.test_config_steps_more4" name="test_get_next_step_unknown" time="0.004" /><testcase classname="tests.test_config_steps_more4" name="test_get_next_step_skips_to_summary" time="0.004" /><testcase classname="tests.test_boiler_coordinator_more" name="test_should_update_profile" time="0.004" /><testcase classname="tests.test_boiler_coordinator_more" name="test_update_profile_error" time="0.006" /><testcase classname="tests.test_config_steps_more4" name="test_get_next_step_from_summary_returns_summary" time="0.004" /><testcase classname="tests.test_boiler_coordinator_more" name="test_read_temperatures_paths" time="0.005" /><testcase classname="tests.test_config_steps_more4" name="test_wizard_intervals_back_button" time="0.004" /><testcase classname="tests.test_config_steps_more4" name="test_wizard_intervals_too_long_errors" time="0.005" /><testcase classname="tests.test_cloud_contract" name="test_contract_declares_explicit_common_fields_and_schema_version" time="0.125" /><testcase classname="tests.test_boiler_coordinator
[...]
ests.test_statistics_storage" name="test_save_all_writes_pending_data" time="0.123" /><testcase classname="tests.test_statistics_storage" name="test_save_sensor_data_overwrites_existing" time="0.006" /><testcase classname="tests.test_statistics_storage" name="test_flush_statistics_calls_instance_flush" time="0.006" /><testcase classname="tests.test_statistics_storage" name="test_save_all_resets_last_batch_time" time="0.005" /><testcase classname="tests.test_statistics_storage" name="test_multiple_sensors_can_queue_separately" time="0.005" /><testcase classname="tests.test_statistics_storage" name="test_maybe_flush_returns_early_without_last_batch_time" time="0.121" /><testcase classname="tests.test_statistics_storage" name="test_save_all_handles_storage_errors" time="0.007" /><testcase classname="tests.test_statistics_storage" name="test_get_store_builds_expected_key" time="0.004" /><testcase classname="tests.test_statistics_storage" name="test_maybe_flush_skips_when_age_below_cooldown" time="0.007" /><testcase classname="tests.test_statistics_storage" name="test_maybe_flush_flushes_when_age_above_cooldown" time="0.114" /><testcase classname="tests.test_statistics_storage" name="test_save_statistics_data_saves_directly" time="0.004" /><testcase classname="tests.test_utilities_coverage" name="test_dict_operations" time="0.116" /><testcase classname="tests.test_utilities_coverage" name="test_bool_operations" time="0.003" /><testcase classname="tests.test_utilities_coverage" name="test_simple_namespace_getattr" time="0.134" /><testcase classname="tests.test_utilities_coverage" name="test_string_operations" time="0.123" /><testcase classname="tests.test_utilities_coverage" name="test_datetime_operations" time="0.133" /><testcase classname="tests.test_utilities_coverage" name="test_list_operations" time="0.003" /><testcase classname="tests.test_utilities_coverage" name="test_float_operations" time="0.004" /><testcase classname="tests.test_utilities_coverage" name="test_none_checks" time="0.117" /><testcase classname="tests.test_utilities_coverage" name="test_int_operations" time="0.003" /><testcase classname="tests.e2e.test_config_flow_modules_e2e" name="test_options_update_triggers_reload" time="2.583" /><testcase classname="tests.e2e.test_config_flow_runtime_e2e" name="test_intervals_and_debounce_applied" time="1.309" /><testcase classname="tests.e2e.test_config_flow_runtime_e2e" name="test_solar_provider_and_strings_applied" time="1.233" /><testcase classname="tests.e2e.test_config_flow_runtime_e2e" name="test_reconfigure_updates_modules_and_intervals" time="1.705" /><testcase classname="tests.e2e.test_config_flow_runtime_e2e" name="test_solar_forecast_provider_switch_updates_config" time="1.387" /><testcase classname="tests.e2e.test_config_flow_runtime_e2e" name="test_solar_forecast_strings_follow_state" time="2.762" /><testcase classname="tests.e2e.test_config_flow_runtime_e2e" name="test_solar_provider_and_strings_combinations[forecast_solar-none-True-False]" time="1.235" /><testcase classname="tests.e2e.test_config_flow_runtime_e2e" name="test_solar_provider_and_strings_combinations[forecast_solar-with_key-True-False]" time="1.259" /><testcase classname="tests.e2e.test_config_flow_runtime_e2e" name="test_solar_provider_and_strings_combinations[solcast-with_key-True-False]" time="4.908" /><testcase classname="tests.e2e.test_config_flow_runtime_e2e" name="test_solar_provider_and_strings_combinations[solcast-with_key-True-True]" time="1.256" /><testcase classname="tests.e2e.test_critical_sensors_e2e" name="test_critical_sensor_battery_health" time="1.292" /><testcase classname="tests.e2e.test_critical_sensors_e2e" name="test_critical_sensor_battery_balancing" time="3.293" /><testcase classname="tests.e2e.test_critical_sensors_e2e" name="test_critical_sensor_charging_efficiency" time="1.232" /><testcase classname="tests.e2e.test_data_refresh_fallback_e2e" name="test_ote_cache_then_refresh_after_13" time="1.852" /><testcase classname="tests.e2e.test_data_refresh_fallback_e2e" name="test_chmu_keeps_cached_data_on_error" time="1.235" /><testcase classname="tests.e2e.test_data_refresh_fallback_e2e" name="test_forecast_solar_fallback_then_recovery" time="1.294" /><testcase classname="tests.e2e.test_data_refresh_fallback_e2e" name="test_solcast_fallback_then_recovery" time="1.217" /><testcase classname="tests.e2e.test_forecast_provider_recompute_e2e" name="test_forecast_provider_switch_updates_recommended_mode" time="4.275" /><testcase classname="tests.e2e.test_frontend_flow_e2e" name="test_frontend_config_flow_renders" time="0.103" /><testcase classname="tests.e2e.test_frontend_flow_e2e" name="test_frontend_tile_add_remove" time="0.027" /><testcase classname="tests.e2e.test_pricing_timeline_e2e" name="test_tariff_config_and_spot_vs_fixed_pricing" time="0.085" /><testcase classname="tests.e2e.test_pricing_timeline_e2e" name="test_pricing_timeline_recomputes_after_config_change" time="0.003" /><testcase classname="tests.e2e.test_pricing_timeline_e2e" name="test_spot_prices_fallback_to_ote_cache" time="0.003" /><testcase classname="tests.e2e.test_runtime_history_e2e" name="test_any_entity_change_updates_real_data_timestamp" time="3.462" /><testcase classname="tests.e2e.test_runtime_history_e2e" name="test_fetch_interval_from_history_mocked" time="1.210" /><testcase classname="tests.e2e.test_runtime_history_e2e" name="test_efficiency_history_load_mocked" time="1.319" /><testcase classname="tests.e2e.test_services_e2e" name="test_services_registered" time="0.106" /><testcase classname="tests.e2e.test_services_e2e" name="test_service_set_box_mode_calls_api" time="0.030" /><testcase classname="tests.e2e.test_services_e2e" name="test_service_set_grid_delivery_calls_api" time="0.029" /><testcase classname="tests.e2e.test_services_e2e" name="test_service_set_boiler_mode_calls_api" time="0.031" /><testcase classname="tests.e2e.test_services_e2e" name="test_service_set_formating_mode_calls_api" time="0.029" /><testcase classname="tests.e2e.test_services_e2e" name="test_service_update_solar_forecast_calls_update" time="0.028" /><testcase classname="tests.e2e.test_services_e2e" name="test_service_dashboard_tiles_roundtrip" time="0.027" /><testcase classname="tests.test_adaptive_consumption" name="test_format_profile_description_strips_similarity" time="0.084" /><testcase classname="tests.test_adaptive_consumption" name="test_format_profile_description_empty" time="0.002" /><testcase classname="tests.test_adaptive_consumption" name="test_calculate_consumption_summary_list_and_dict" time="0.002" /><testcase classname="tests.test_adaptive_consumption" name="test_process_adaptive_consumption_for_dashboard" time="0.002" /><testcase classname="tests.test_adaptive_consumption" name="test_select_tomorrow_profile_transition" time="0.002" /><testcase classname="tests.test_adaptive_consumption" name="test_select_tomorrow_profile_standard" time="0.002" /><testcase classname="tests.test_adaptive_consumption_more" name="test_normalize_profile_name_empty" time="0.081" /><testcase classname="tests.test_adaptive_consumption_more" name="test_normalize_profile_name_fallback" time="0.002" /><testcase classname="tests.test_adaptive_consumption_more" name="test_normalize_profile_name_strips_similarity_marker" time="0.002" /><testcase classname="tests.test_adaptive_consumption_more" name="test_normalize_profile_name_handles_unclosed_paren" time="0.003" /><testcase classname="tests.test_adaptive_consumption_more" name="test_normalize_profile_name_keeps_non_similarity_parens" time="0.002" /><testcase classname="tests.test_adaptive_consumption_more" name="test_build_profile_suffix_invalid_values" time="0.002" /><testcase classname="tests.test_adaptive_consumption_more" name="test_build_dashboard_profile_details_no_score" time="0.002" /><testcase classname="tests.test_adaptive_consumption_more" name="test_calculate_charging_cost_today_invalid_rows" time="0.002" /><testcase classname="tests.test_adaptive_consumption_more" name="test_season_and_transition_helpers" time="0.002" /><testcase classname="tests.test_adaptive_consumption_more" name="test_select_profile_by_prefix" time="0.002" /><testcase classname="tests.test_adaptive_consumption_more" name="test_process_adaptive_consumption_invalid_profiles" time="0.002" /><testcase classname="tests.test_adaptive_consumption_more" name="test_calculate_consumption_summary_invalid_type" time="0.002" /><testcase classname="tests.test_adaptive_consumption_more" name="test_get_adaptive_load_prediction_variants" time="0.005" /><testcase classname="tests.test_adaptive_consumption_more" name="test_get_profiles_from_sensor_variants" time="0.003" /><testcase classname="tests.test_adaptive_consumption_more" name="test_get_today_hourly_consumption_variants" time="0.003" /><testcase classname="tests.test_adaptive_consumption_more" name="test_calculate_recent_consumption_ratio_variants" time="0.003" /><testcase classname="tests.test_adaptive_consumption_more" name="test_apply_consumption_boost_and_similarity" time="0.002" /><testcase classname="tests.test_adaptive_consumption_more" name="test_select_tomorrow_profile_error" time="0.002" /><testcase classname="tests.test_adaptive_consumption_more" name="test_get_consumption_today_variants" time="0.004" /><testcase classname="tests.test_adaptive_consumption_more" name="test_get_load_avg_fallback_variants" time="0.002" /><testcase classname="tests.test_adaptive_load_profiles_sensor_more" name="test_get_season" time="0.081" /><testcase classname="tests.test_adaptive_load_profiles_sensor_more" name="test_generate_profile_name_variants" time="0.003" /><testcase classname="tests.test_adaptive_load_profiles_sensor_more" name="test_fill_missing_values" time="0.003" /><testcase classname="tests.test_adaptive_load_profiles_sensor_more" name="test_build_daily_profiles_and_72h" time="0.004" /><testcase classname="tests.test_adaptive_load_profiles_sensor_more" name="test_build_current_match" time="0.003" /><testcase classname="tests.test_adaptive_load_profiles_sensor_more" name="test_apply_floor_to_prediction" time="0.002" /><testcase classname="tests.test_adaptive_load_profiles_sensor_more" name="test_calculate_profile_similarity" time="0.003" /><testcase classname="tests.test_adaptive_load_profiles_sensor_more" name="test_extra_state_attributes_prediction" time="0.003" /><testcase classname="tests.test_adaptive_load_profiles_sensor_more" name="test_async_added_and_removed_starts_task" time="0.003" /><testcase classname="tests.test_adaptive_load_profiles_sensor_more" name="test_profiling_loop_cancel" time="0.005" /><testcase classname="tests.test_adaptive_load_profiles_sensor_more" name="test_wait_for_next_profile_window" time="0.003" /><testcase classname="tests.test_adaptive_load_profiles_sensor_more" name="test_create_and_update_profile_success" time="0.003" /><testcase classname="tests.test_adaptive_load_profiles_sensor_more" name="test_create_and_update_profile_warming_up" time="0.005" /><testcase classname="tests.test_adaptive_load_profiles_sensor_more" name="test_get_energy_unit_factor" time="0.002" /><testcase classname="tests.test_adaptive_load_profiles_sensor_more" name="test_load_hourly_series_and_earliest_start" time="0.003" /><testcase classname="tests.test_adaptive_load_profiles_sensor_more" name="test_find_best_matching_profile_paths" time="0.004" /><testcase classname="tests.test_adaptive_load_profiles_sensor_more" name="test_find_best_matching_profile_fallback" time="0.003" /><testcase classname="tests.test_adaptive_load_profiles_sensor_more2" name="test_init_fallback_box_id" time="0.083" /><testcase classname="tests.test_adaptive_load_profiles_sensor_more2" name="test_profiling_loop_error_branch" time="0.005" /><testcase classname="tests.test_adaptive_load_profiles_sensor_more2" name="test_create_and_update_profile_error" time="0.003" /><testcase classname="tests.test_adaptive_load_profiles_sensor_more2" name="test_get_energy_unit_factor_no_hass" time="0.002" /><testcase classname="tests.test_adaptive_load_profiles_sensor_more2" name="test_generate_profile_name_spikes" time="0.002" /><testcase classname="tests.test_adaptive_load_profiles_sensor_more2" name="test_build_daily_profiles_missing_and_empty" time="0.003" /><testcase classname="tests.test_adaptive_load_profiles_sensor_more2" name="test_build_current_match_variants" time="0.002" /><testcase classname="tests.test_adaptive_load_profiles_sensor_more2" name="test_apply_floor_to_prediction" time="0.002" /><testcase classname="tests.test_adaptive_load_profiles_sensor_more2" name="test_calculate_profile_similarity_mismatch_and_zero_total" time="0.002" /><testcase classname="tests.test_adaptive_load_profiles_sensor_more2" name="test_calculate_profile_similarity_exception" time="0.003" /><testcase classname="tests.test_adaptive_load_profiles_sensor_more2" name="test_find_best_matching_profile_error" time="0.004" /><testcase classname="tests.test_adaptive_load_profiles_sensor_more2" name="test_prediction_accessors" time="0.002" /><testcase classname="tests.test_adaptive_load_profiles_sensor_more2" name="test_profiling_loop_runs_once" time="0.003" /><testcase classname="tests.test_adaptive_load_profiles_sensor_more2" name="test_profiling_loop_fatal_error" time="0.003" /><testcase classname="tests.test_adaptive_load_profiles_sensor_more2" name="test_wait_for_next_profile_window_after_midnight" time="0.003" /><testcase classname="tests.test_adaptive_load_profiles_sensor_more2" name="test_load_hourly_series_no_hass" time="0.003" /><testcase classname="tests.test_adaptive_load_profiles_sensor_more2" name="test_load_hourly_series_empty_rows" time="0.003" /><testcase classname="tests.test_adaptive_load_profiles_sensor_more2" name="test_load_hourly_series_value_filters" time="0.003" /><testcase classname="tests.test_adaptive_load_profiles_sensor_more2" name="test_load_hourly_series_error" time="0.003" /><testcase classname="tests.test_adaptive_load_profiles_sensor_more2" name="test_get_earliest_statistics_start_no_hass" time="0.003" /><testcase classname="tests.test_adaptive_load_profiles_sensor_more2" name="test_get_earliest_statistics_start_no_data" time="0.003" /><testcase classname="tests.test_adaptive_load_profiles_sensor_more2" name="test_build_72h_profiles_gaps_and_length" time="0.002" /><testcase classname="tests.test_adaptive_load_profiles_sensor_more2" name="test_build_current_match_edge_cases" time="0.002" /><testcase classname="tests.test_adaptive_load_profiles_sensor_more2" name="test_load_hourly_series_filters_out_of_range" time="0.003" /><testcase classname="tests.test_adaptive_load_profiles_sensor_more2" name="test_build_current_match_at_midnight_current_hour_zero" time="0.002" /><testcase classname="tests.test_adaptive_load_profiles_sensor_more2" name="test_build_current_match_missing_today_values" time="0.002" /><testcase classname="tests.test_adaptive_load_profiles_sensor_more2" name="test_build_current_match_missing_today_hours" time="0.002" /><testcase classname="tests.test_adaptive_load_profiles_sensor_more2" name="test_build_current_match_empty_today_values" time="0.002" /><testcase classname="tests.test_adaptive_load_profiles_sensor_more2" name="test_coerce_stat_timestamp_variants" time="0.002" /><testcase classname="tests.test_adaptive_load_profiles_sensor_more2" name="test_parse_hourly_row_tuple_and_state_fallback" time="0.002" /><testcase classname="tests.test_adaptive_load_profiles_sensor_more2" name="test_get_earliest_statistics_start_accepts_start_time_key" time="0.003" /><testcase classname="tests.test_adaptive_load_profiles_sensor_more2" name="test_load_hourly_series_no_recorder" time="0.003" /><testcase classname="tests.test_adaptive_load_profiles_sensor_more2" name="test_load_hourly_series_invalid_rows" time="0.003" /><testcase classname="tests.test_adaptive_load_profiles_sensor_more2" name="test_get_earliest_statistics_start_no_recorder" time="0.003" /><testcase classname="tests.test_adaptive_load_profiles_sensor_more2" name="test_build_daily_profiles_missing_too_many" time="0.002" /><testcase classname="tests.test_adaptive_load_profiles_sensor_more2" name="test_build_current_match_missing_days" time="0.002" /><testcase classname="tests.test_adaptive_load_profiles_sensor_more2" name="test_apply_floor_to_prediction_empty" time="0.002" /><testcase classname="tests.test_adaptive_load_profiles_sensor_more2" name="test_calculate_profile_similarity_total_profile_zero" time="0.002" /><testcase classname="tests.test_adaptive_load_profiles_sensor_more2" name="test_find_best_matching_profile_for_sensor_no_hass" time="0.003" /><testcase classname="tests.test_adaptive_load_profiles_sensor_more2" name="test_find_best_matching_profile_for_sensor_no_data" time="0.003" /><testcase classname="tests.test_adaptive_load_profiles_sensor_more2" name="test_find_best_matching_profile_for_sensor_not_enough_days" time="0.003" /><testcase classname="tests.test_adaptive_load_profiles_sensor_more2" name="test_find_best_matching_profile_for_sensor_not_enough_current" time="0.003" /><testcase classname="tests.test_adaptive_load_profiles_sensor_more2" name="test_find_best_matching_profile_for_sensor_no_profiles" time="0.003" /><testcase classname="tests.test_adaptive_load_profiles_sensor_more2" name="test_find_best_matching_profile_for_sensor_no_scored" time="0.003" /><testcase classname="tests.test_adaptive_load_profiles_sensor_more2" name="test_get_earliest_statistics_start_string_unparseable" time="0.003" /><testcase classname="tests.test_adaptive_load_profiles_sensor_more2" name="test_get_earliest_statistics_start_int_timestamp" time="0.003" /><testcase classname="tests.test_adaptive_load_profiles_sensor_more2" name="test_get_earliest_statistics_start_float_timestamp" time="0.003" /><testcase classname="tests.test_adaptive_load_profiles_sensor_more2" name="test_get_earliest_statistics_start_millisecond_timestamp" time="0.003" /><testcase classname="tests.test_adaptive_load_profiles_sensor_more2" name="test_get_earliest_statistics_start_unsupported_type" time="0.003" /><testcase classname="tests.test_api_chmu" name="test_cache_validation_and_invalidate" time="0.083" /><testcase classname="tests.test_api_chmu" name="test_parse_polygon_and_circle" time="0.002" /><testcase classname="tests.test_api_chmu" name="test_geometry_helpers" time="0.002" /><testcase classname="tests.test_api_chmu" name="test_parse_cap_xml_minimal" time="0.002" /><testcase classname="tests.test_api_chmu" name="test_filter_select_and_prefer_language" time="0.002" /><testcase classname="tests.test_api_chmu_more" name="test_fetch_cap_xml_http_errors" time="0.086" /><testcase classname="tests.test_api_chmu_more" name="test_fetch_cap_xml_success" time="0.003" /><testcase classname="tests.test_api_chmu_more" name="test_fetch_cap_xml_timeout_and_client_error" time="0.005" /><testcase classname="tests.test_api_chmu_more" name="test_resolve_latest_cap_url_variants" time="0.019" /><testcase classname="tests.test_api_chmu_more" name="test_parse_cap_xml_error_and_info_exception" time="0.003" /><testcase classname="tests.test_api_chmu_more" name="test_parse_info_block_language_event_and_awareness" time="0.002" /><testcase classname="tests.test_api_chmu_more" name="test_get_text_with_xpath_default" time="0.003" /><testcase classname="tests.test_api_chmu_more" name="test_determine_status_and_eta_and_parse_iso" time="0.002" /><testcase classname="tests.test_api_chmu_more" name="test_filter_by_location_geocode_fallback" time="0.003" /><testcase classname="tests.test_api_chmu_more" name="test_match_area_no_filter" time="0.002" /><testcase classname="tests.test_api_chmu_more" name="test_ray_intersects_vertical_line" time="0.002" /><testcase classname="tests.test_api_chmu_more" name="test_select_top_alert_and_prefer_language_empty" time="0.002" /><testcase classname="tests.test_api_chmu_more" name="test_get_warnings_cache_and_session_close" time="0.005" /></testsuite></testsuites>